###==========================================================
### Error recording starts Sun-09-Jul-17_14-53-34-GMT

### Error recording ends Sun-09-Jul-17_14-53-42-GMT
###==========================================================

###==========================================================
### Error recording starts Sun-09-Jul-17_15-36-49-GMT

### Error recording ends Sun-09-Jul-17_15-36-49-GMT
###==========================================================

###==========================================================
### Error recording starts Sun-09-Jul-17_15-39-52-GMT

###==========================================================
### Error recording starts Sun-09-Jul-17_15-40-12-GMT

### Error recording ends Sun-09-Jul-17_15-40-12-GMT
###==========================================================

###==========================================================
### Error recording starts Sun-09-Jul-17_16-20-26-GMT

###==========================================================
### Error recording starts Sun-09-Jul-17_16-21-06-GMT

### Error recording ends Sun-09-Jul-17_16-21-08-GMT
###==========================================================

###==========================================================
### Error recording starts Sun-09-Jul-17_16-21-53-GMT

### Error recording ends Sun-09-Jul-17_16-22-12-GMT
###==========================================================

###==========================================================
### Error recording starts Sun-09-Jul-17_16-25-47-GMT

### Error recording ends Sun-09-Jul-17_16-25-59-GMT
###==========================================================

###==========================================================
### Error recording starts Sun-09-Jul-17_16-26-42-GMT

### Error recording ends Sun-09-Jul-17_16-26-44-GMT
###==========================================================

###==========================================================
### Error recording starts Sun-09-Jul-17_16-27-04-GMT

### Error recording ends Sun-09-Jul-17_16-27-09-GMT
###==========================================================

###==========================================================
### Error recording starts Sun-09-Jul-17_16-27-54-GMT

### Error recording ends Sun-09-Jul-17_16-27-57-GMT
###==========================================================

###==========================================================
### Error recording starts Sun-09-Jul-17_17-25-45-GMT

###==========================================================
### Error recording starts Sun-09-Jul-17_17-27-30-GMT

###==========================================================
### Error recording starts Sun-09-Jul-17_17-35-39-GMT

###==========================================================
### Error recording starts Sun-09-Jul-17_17-41-19-GMT

###==========================================================
### Error recording starts Sun-09-Jul-17_17-42-54-GMT

###==========================================================
### Error recording starts Sun-09-Jul-17_17-46-34-GMT

###==========================================================
### Error recording starts Sun-09-Jul-17_17-46-55-GMT

###==========================================================
### Error recording starts Sun-09-Jul-17_17-50-25-GMT

###==========================================================
### Error recording starts Sun-09-Jul-17_18-01-27-GMT

###==========================================================
### Error recording starts Sun-09-Jul-17_18-04-57-GMT

### Error recording ends Sun-09-Jul-17_18-11-00-GMT
###==========================================================

###==========================================================
### Error recording starts Sun-09-Jul-17_18-11-05-GMT

###==========================================================
### Error recording starts Sun-09-Jul-17_18-13-13-GMT

### Error recording ends Sun-09-Jul-17_18-13-15-GMT
###==========================================================

###==========================================================
### Error recording starts Sun-09-Jul-17_18-19-07-GMT

###==========================================================
### Error recording starts Sun-09-Jul-17_18-30-36-GMT

###==========================================================
### Error recording starts Mon-10-Jul-17_12-57-52-GMT

###==========================================================
### Error recording starts Mon-10-Jul-17_13-51-21-GMT

### Error recording ends Mon-10-Jul-17_13-53-33-GMT
###==========================================================

###==========================================================
### Error recording starts Mon-10-Jul-17_14-22-28-GMT

###==========================================================
### Error recording starts Mon-10-Jul-17_14-23-37-GMT

###==========================================================
### Error recording starts Mon-10-Jul-17_14-23-59-GMT

### Error recording ends Mon-10-Jul-17_14-24-14-GMT
###==========================================================

###==========================================================
### Error recording starts Mon-10-Jul-17_14-24-37-GMT

### Error recording ends Mon-10-Jul-17_14-27-41-GMT
###==========================================================

###==========================================================
### Error recording starts Mon-10-Jul-17_14-31-02-GMT

### Error recording ends Mon-10-Jul-17_14-33-19-GMT
###==========================================================

###==========================================================
### Error recording starts Mon-10-Jul-17_14-33-27-GMT

###==========================================================
### Error recording starts Mon-10-Jul-17_14-42-14-GMT

###==========================================================
### Error recording starts Mon-10-Jul-17_14-52-25-GMT

###==========================================================
### Error recording starts Mon-10-Jul-17_14-59-35-GMT

###==========================================================
### Error recording starts Mon-10-Jul-17_15-03-39-GMT

### Error recording ends Mon-10-Jul-17_15-03-41-GMT
###==========================================================

###==========================================================
### Error recording starts Mon-10-Jul-17_15-03-47-GMT

###==========================================================
### Error recording starts Mon-10-Jul-17_15-07-28-GMT

###==========================================================
### Error recording starts Mon-10-Jul-17_15-13-30-GMT

###==========================================================
### Error recording starts Mon-10-Jul-17_15-15-10-GMT

###==========================================================
### Error recording starts Tue-11-Jul-17_11-25-53-GMT

### Error recording ends Tue-11-Jul-17_11-26-14-GMT
###==========================================================

###==========================================================
### Error recording starts Tue-11-Jul-17_11-29-30-GMT

### Error recording ends Tue-11-Jul-17_11-29-49-GMT
###==========================================================

###==========================================================
### Error recording starts Tue-11-Jul-17_11-30-56-GMT

### Error recording ends Tue-11-Jul-17_11-31-08-GMT
###==========================================================

###==========================================================
### Error recording starts Tue-11-Jul-17_11-36-01-GMT

###==========================================================
### Error recording starts Tue-11-Jul-17_11-42-03-GMT

###==========================================================
### Error recording starts Tue-11-Jul-17_11-57-38-GMT

###==========================================================
### Error recording starts Tue-11-Jul-17_19-37-38-GMT

###==========================================================
### Error recording starts Tue-11-Jul-17_19-41-48-GMT

###==========================================================
### Error recording starts Tue-11-Jul-17_19-42-41-GMT

### Error recording ends Tue-11-Jul-17_19-43-45-GMT
###==========================================================

###==========================================================
### Error recording starts Tue-11-Jul-17_19-43-53-GMT

### Error recording ends Tue-11-Jul-17_19-45-18-GMT
###==========================================================

###==========================================================
### Error recording starts Tue-11-Jul-17_19-46-47-GMT

### Error recording ends Tue-11-Jul-17_19-47-03-GMT
###==========================================================

###==========================================================
### Error recording starts Tue-11-Jul-17_19-53-15-GMT

### Error recording ends Tue-11-Jul-17_19-53-29-GMT
###==========================================================

###==========================================================
### Error recording starts Tue-11-Jul-17_19-55-22-GMT

### Error recording ends Tue-11-Jul-17_19-55-37-GMT
###==========================================================

###==========================================================
### Error recording starts Tue-11-Jul-17_19-56-30-GMT

###==========================================================
### Error recording starts Tue-11-Jul-17_20-00-02-GMT

### Error recording ends Tue-11-Jul-17_20-15-39-GMT
###==========================================================

###==========================================================
### Error recording starts Tue-11-Jul-17_20-15-39-GMT

### Error recording ends Tue-11-Jul-17_20-15-41-GMT
###==========================================================

###==========================================================
### Error recording starts Tue-11-Jul-17_20-19-20-GMT

### Error recording ends Tue-11-Jul-17_20-19-21-GMT
###==========================================================

###==========================================================
### Error recording starts Tue-11-Jul-17_20-27-03-GMT

### Error recording ends Tue-11-Jul-17_20-27-05-GMT
###==========================================================

###==========================================================
### Error recording starts Tue-11-Jul-17_20-27-06-GMT

### Error recording ends Tue-11-Jul-17_20-27-06-GMT
###==========================================================

###==========================================================
### Error recording starts Thu-13-Jul-17_11-24-28-GMT

### Error recording ends Thu-13-Jul-17_11-24-36-GMT
###==========================================================

###==========================================================
### Error recording starts Thu-13-Jul-17_11-29-58-GMT

###==========================================================
### Error recording starts Thu-13-Jul-17_11-35-32-GMT

###==========================================================
### Error recording starts Thu-13-Jul-17_11-38-25-GMT

###==========================================================
### Error recording starts Thu-13-Jul-17_11-42-16-GMT

### Error recording ends Thu-13-Jul-17_11-43-50-GMT
###==========================================================

###==========================================================
### Error recording starts Thu-13-Jul-17_11-43-55-GMT

###==========================================================
### Error recording starts Thu-13-Jul-17_12-02-48-GMT

###==========================================================
### Error recording starts Thu-13-Jul-17_12-04-42-GMT

###==========================================================
### Error recording starts Thu-13-Jul-17_12-06-01-GMT

###==========================================================
### Error recording starts Thu-13-Jul-17_12-07-31-GMT

###==========================================================
### Error recording starts Thu-13-Jul-17_12-08-15-GMT

###==========================================================
### Error recording starts Thu-13-Jul-17_13-55-14-GMT

###==========================================================
### Error recording starts Thu-13-Jul-17_14-03-37-GMT

###==========================================================
### Error recording starts Thu-13-Jul-17_14-09-34-GMT

### Error recording ends Thu-13-Jul-17_14-59-45-GMT
###==========================================================

###==========================================================
### Error recording starts Thu-13-Jul-17_15-00-42-GMT

###==========================================================
### Error recording starts Thu-13-Jul-17_15-01-08-GMT

### Error recording ends Thu-13-Jul-17_15-03-11-GMT
###==========================================================

###==========================================================
### Error recording starts Thu-13-Jul-17_15-03-18-GMT

### Error recording ends Thu-13-Jul-17_15-03-39-GMT
###==========================================================

###==========================================================
### Error recording starts Thu-13-Jul-17_15-03-45-GMT

###==========================================================
### Error recording starts Thu-13-Jul-17_15-12-47-GMT

###==========================================================
### Error recording starts Thu-13-Jul-17_15-13-02-GMT

### Error recording ends Thu-13-Jul-17_15-13-07-GMT
###==========================================================

###==========================================================
### Error recording starts Thu-13-Jul-17_15-15-10-GMT

###==========================================================
### Error recording starts Thu-13-Jul-17_15-32-15-GMT

### Error recording ends Thu-13-Jul-17_15-32-15-GMT
###==========================================================

###==========================================================
### Error recording starts Thu-13-Jul-17_15-32-17-GMT

###==========================================================
### Error recording starts Thu-13-Jul-17_15-38-02-GMT

###==========================================================
### Error recording starts Thu-13-Jul-17_15-40-24-GMT

###==========================================================
### Error recording starts Thu-13-Jul-17_15-41-21-GMT

###==========================================================
### Error recording starts Thu-13-Jul-17_15-42-04-GMT

###==========================================================
### Error recording starts Thu-13-Jul-17_15-43-19-GMT

###==========================================================
### Error recording starts Thu-13-Jul-17_15-45-51-GMT

###==========================================================
### Error recording starts Thu-13-Jul-17_15-50-08-GMT

###==========================================================
### Error recording starts Thu-13-Jul-17_15-50-23-GMT

### Error recording ends Thu-13-Jul-17_15-50-45-GMT
###==========================================================

###==========================================================
### Error recording starts Thu-13-Jul-17_15-50-50-GMT

### Error recording ends Thu-13-Jul-17_15-52-37-GMT
###==========================================================

###==========================================================
### Error recording starts Thu-13-Jul-17_15-52-43-GMT

###==========================================================
### Error recording starts Thu-13-Jul-17_15-53-13-GMT

###==========================================================
### Error recording starts Thu-13-Jul-17_15-55-58-GMT

###==========================================================
### Error recording starts Thu-13-Jul-17_15-56-23-GMT

###==========================================================
### Error recording starts Thu-13-Jul-17_16-15-24-GMT

###==========================================================
### Error recording starts Thu-13-Jul-17_16-17-10-GMT

###==========================================================
### Error recording starts Thu-13-Jul-17_16-18-48-GMT

###==========================================================
### Error recording starts Thu-13-Jul-17_16-19-09-GMT

###==========================================================
### Error recording starts Thu-13-Jul-17_16-19-30-GMT

###==========================================================
### Error recording starts Thu-13-Jul-17_16-24-47-GMT

###==========================================================
### Error recording starts Thu-13-Jul-17_16-24-55-GMT

###==========================================================
### Error recording starts Thu-13-Jul-17_16-26-30-GMT

###==========================================================
### Error recording starts Thu-13-Jul-17_16-26-37-GMT

###==========================================================
### Error recording starts Thu-13-Jul-17_16-27-36-GMT

###==========================================================
### Error recording starts Thu-13-Jul-17_16-29-01-GMT

###==========================================================
### Error recording starts Thu-13-Jul-17_16-29-24-GMT

###==========================================================
### Error recording starts Thu-13-Jul-17_16-32-36-GMT

###==========================================================
### Error recording starts Thu-13-Jul-17_16-34-39-GMT

### Error recording ends Thu-13-Jul-17_16-34-42-GMT
###==========================================================

###==========================================================
### Error recording starts Fri-14-Jul-17_15-54-28-GMT

### Error recording ends Fri-14-Jul-17_15-54-28-GMT
###==========================================================

###==========================================================
### Error recording starts Fri-14-Jul-17_15-54-28-GMT

###==========================================================
### Error recording starts Fri-14-Jul-17_16-32-42-GMT

###==========================================================
### Error recording starts Fri-14-Jul-17_16-33-59-GMT

###==========================================================
### Error recording starts Fri-14-Jul-17_16-34-22-GMT

### Error recording ends Fri-14-Jul-17_16-37-16-GMT
###==========================================================

###==========================================================
### Error recording starts Fri-14-Jul-17_16-37-48-GMT

### Error recording ends Fri-14-Jul-17_16-38-12-GMT
###==========================================================

###==========================================================
### Error recording starts Fri-14-Jul-17_16-38-15-GMT

###==========================================================
### Error recording starts Fri-14-Jul-17_16-41-09-GMT

### Error recording ends Fri-14-Jul-17_17-35-16-GMT
###==========================================================

###==========================================================
### Error recording starts Fri-14-Jul-17_17-57-47-GMT

### Error recording ends Fri-14-Jul-17_17-58-15-GMT
###==========================================================

###==========================================================
### Error recording starts Fri-14-Jul-17_17-59-40-GMT

### Error recording ends Fri-14-Jul-17_17-59-52-GMT
###==========================================================

###==========================================================
### Error recording starts Fri-14-Jul-17_18-00-50-GMT

### Error recording ends Fri-14-Jul-17_18-00-59-GMT
###==========================================================

###==========================================================
### Error recording starts Fri-14-Jul-17_18-02-11-GMT

### Error recording ends Fri-14-Jul-17_18-02-20-GMT
###==========================================================

###==========================================================
### Error recording starts Fri-14-Jul-17_18-02-48-GMT

### Error recording ends Fri-14-Jul-17_18-03-09-GMT
###==========================================================

###==========================================================
### Error recording starts Fri-14-Jul-17_18-03-57-GMT

### Error recording ends Fri-14-Jul-17_18-04-04-GMT
###==========================================================

###==========================================================
### Error recording starts Fri-14-Jul-17_18-04-44-GMT

### Error recording ends Fri-14-Jul-17_18-04-51-GMT
###==========================================================

###==========================================================
### Error recording starts Fri-14-Jul-17_18-06-38-GMT

### Error recording ends Fri-14-Jul-17_18-06-49-GMT
###==========================================================

###==========================================================
### Error recording starts Fri-14-Jul-17_20-20-11-GMT

###==========================================================
### Error recording starts Fri-14-Jul-17_20-21-33-GMT

### Error recording ends Fri-14-Jul-17_20-21-52-GMT
###==========================================================

###==========================================================
### Error recording starts Fri-14-Jul-17_20-21-59-GMT

###==========================================================
### Error recording starts Fri-14-Jul-17_20-29-39-GMT

### Error recording ends Fri-14-Jul-17_20-30-51-GMT
###==========================================================

###==========================================================
### Error recording starts Fri-14-Jul-17_20-35-35-GMT

###==========================================================
### Error recording starts Fri-14-Jul-17_20-43-05-GMT

###==========================================================
### Error recording starts Fri-14-Jul-17_20-44-28-GMT

###==========================================================
### Error recording starts Fri-14-Jul-17_20-45-04-GMT

###==========================================================
### Error recording starts Fri-14-Jul-17_20-46-18-GMT

###==========================================================
### Error recording starts Fri-14-Jul-17_20-47-38-GMT

### Error recording ends Fri-14-Jul-17_20-49-29-GMT
###==========================================================

###==========================================================
### Error recording starts Fri-14-Jul-17_20-53-08-GMT

### Error recording ends Fri-14-Jul-17_20-54-46-GMT
###==========================================================

###==========================================================
### Error recording starts Fri-14-Jul-17_20-55-08-GMT

### Error recording ends Fri-14-Jul-17_20-56-28-GMT
###==========================================================

###==========================================================
### Error recording starts Fri-14-Jul-17_20-56-35-GMT

### Error recording ends Fri-14-Jul-17_20-57-20-GMT
###==========================================================

###==========================================================
### Error recording starts Fri-14-Jul-17_20-57-29-GMT

### Error recording ends Fri-14-Jul-17_20-58-23-GMT
###==========================================================

###==========================================================
### Error recording starts Fri-14-Jul-17_20-58-30-GMT

### Error recording ends Fri-14-Jul-17_20-59-02-GMT
###==========================================================

###==========================================================
### Error recording starts Sat-15-Jul-17_10-24-24-GMT

###==========================================================
### Error recording starts Sat-15-Jul-17_10-47-54-GMT

###==========================================================
### Error recording starts Sat-15-Jul-17_11-41-38-GMT

###==========================================================
### Error recording starts Sat-15-Jul-17_11-48-57-GMT

### Error recording ends Sat-15-Jul-17_11-53-07-GMT
###==========================================================

###==========================================================
### Error recording starts Sat-15-Jul-17_12-47-09-GMT

###==========================================================
### Error recording starts Sat-15-Jul-17_12-49-16-GMT

###==========================================================
### Error recording starts Sat-15-Jul-17_14-20-18-GMT

###==========================================================
### Error recording starts Sat-15-Jul-17_14-21-59-GMT

###==========================================================
### Error recording starts Sat-15-Jul-17_14-42-42-GMT

### Error recording ends Sat-15-Jul-17_14-43-44-GMT
###==========================================================

###==========================================================
### Error recording starts Sat-15-Jul-17_14-43-56-GMT

###==========================================================
### Error recording starts Sat-15-Jul-17_14-52-36-GMT

###==========================================================
### Error recording starts Sat-15-Jul-17_14-55-49-GMT

###==========================================================
### Error recording starts Sat-15-Jul-17_14-56-39-GMT

### Error recording ends Sat-15-Jul-17_14-57-35-GMT
###==========================================================

###==========================================================
### Error recording starts Sat-15-Jul-17_14-57-54-GMT

### Error recording ends Sat-15-Jul-17_14-58-13-GMT
###==========================================================

###==========================================================
### Error recording starts Sat-15-Jul-17_14-59-43-GMT

### Error recording ends Sat-15-Jul-17_15-00-09-GMT
###==========================================================

###==========================================================
### Error recording starts Sat-15-Jul-17_15-01-49-GMT

### Error recording ends Sat-15-Jul-17_15-02-13-GMT
###==========================================================

###==========================================================
### Error recording starts Sat-15-Jul-17_15-32-26-GMT

### Error recording ends Sat-15-Jul-17_15-32-55-GMT
###==========================================================

###==========================================================
### Error recording starts Sat-15-Jul-17_15-39-44-GMT

### Error recording ends Sat-15-Jul-17_15-40-17-GMT
###==========================================================

